# JRE version: OpenJDK Runtime Environment Temurin-21.0.6+7 (21.0.6+7) (build 21.0.6+7-LTS)
# Java VM: OpenJDK 64-Bit Server VM Temurin-21.0.6+7 (21.0.6+7-LTS, mixed mode, emulated-client, sharing, tiered, compressed oops, compressed class ptrs, g1 gc, windows-amd64)
GC Precious Log:
 CardTable entry size: 512
 Card Set container configuration: InlinePtr #cards 5 size 8 Array Of Cards #cards 12 size 40 Howl #buckets 4 coarsen threshold 1843 Howl Bitmap #cards 512 size 80 coarsen threshold 460 Card regions per heap region 1 cards per card region 2048
 CPUs: 8 total, 8 available
 Memory: 3899M
 Large Page Support: Disabled
 NUMA Support: Disabled
 Compressed Oops: Enabled (32-bit)
 Heap Region Size: 1M
 Heap Min Capacity: 8M
 Heap Initial Capacity: 62M
 Heap Max Capacity: 976M
 Pre-touch: Disabled
 Parallel Workers: 8
 Concurrent Workers: 2
 Concurrent Refinement Workers: 8
 Periodic GC: Disabled
Heap:
 garbage-first heap   total 89088K, used 36844K [0x00000000c3000000, 0x0000000100000000)
  region size 1024K, 2 young (2048K), 2 survivors (2048K)
 Metaspace       used 67189K, committed 68096K, reserved 1114112K
  class space    used 9356K, committed 9728K, reserved 1048576K
GC Heap History (20 events):
Event: 2998.387 GC heap after
{Heap after GC invocations=104 (full 5):
 garbage-first heap   total 102400K, used 33750K [0x00000000c3000000, 0x0000000100000000)
  region size 1024K, 3 young (3072K), 3 survivors (3072K)
 Metaspace       used 67172K, committed 67968K, reserved 1114112K
  class space    used 9383K, committed 9728K, reserved 1048576K
}
Event: 3427.726 GC heap before
{Heap before GC invocations=105 (full 5):
 garbage-first heap   total 102400K, used 65494K [0x00000000c3000000, 0x0000000100000000)
  region size 1024K, 35 young (35840K), 3 survivors (3072K)
 Metaspace       used 67009K, committed 67968K, reserved 1114112K
  class space    used 9341K, committed 9728K, reserved 1048576K
}
Event: 3429.682 GC heap after
{Heap after GC invocations=106 (full 6):
 garbage-first heap   total 89088K, used 24687K [0x00000000c3000000, 0x0000000100000000)
  region size 1024K, 0 young (0K), 0 survivors (0K)
 Metaspace       used 66998K, committed 67968K, reserved 1114112K
  class space    used 9338K, committed 9728K, reserved 1048576K
}
Event: 3456.839 GC heap before
{Heap before GC invocations=106 (full 6):
 garbage-first heap   total 89088K, used 75887K [0x00000000c3000000, 0x0000000100000000)
  region size 1024K, 51 young (52224K), 0 survivors (0K)
 Metaspace       used 67204K, committed 67968K, reserved 1114112K
  class space    used 9383K, committed 9728K, reserved 1048576K
}
Event: 3456.855 GC heap after
{Heap after GC invocations=107 (full 6):
 garbage-first heap   total 89088K, used 30405K [0x00000000c3000000, 0x0000000100000000)
  region size 1024K, 6 young (6144K), 6 survivors (6144K)
 Metaspace       used 67204K, committed 67968K, reserved 1114112K
  class space    used 9383K, committed 9728K, reserved 1048576K
}
Event: 3515.495 GC heap before
{Heap before GC invocations=108 (full 6):
 garbage-first heap   total 89088K, used 75461K [0x00000000c3000000, 0x0000000100000000)
  region size 1024K, 50 young (51200K), 6 survivors (6144K)
 Metaspace       used 67417K, committed 68160K, reserved 1114112K
  class space    used 9409K, committed 9728K, reserved 1048576K
}
Event: 3516.034 GC heap after
{Heap after GC invocations=109 (full 6):
 garbage-first heap   total 89088K, used 33892K [0x00000000c3000000, 0x0000000100000000)
  region size 1024K, 5 young (5120K), 5 survivors (5120K)
 Metaspace       used 67417K, committed 68160K, reserved 1114112K
  class space    used 9409K, committed 9728K, reserved 1048576K
}
Event: 3517.209 GC heap before
{Heap before GC invocations=109 (full 6):
 garbage-first heap   total 89088K, used 34916K [0x00000000c3000000, 0x0000000100000000)
  region size 1024K, 6 young (6144K), 5 survivors (5120K)
 Metaspace       used 67417K, committed 68160K, reserved 1114112K
  class space    used 9409K, committed 9728K, reserved 1048576K
}
Event: 3517.286 GC heap after
{Heap after GC invocations=110 (full 6):
 garbage-first heap   total 89088K, used 33695K [0x00000000c3000000, 0x0000000100000000)
  region size 1024K, 1 young (1024K), 1 survivors (1024K)
 Metaspace       used 67417K, committed 68160K, reserved 1114112K
  class space    used 9409K, committed 9728K, reserved 1048576K
}
Event: 3551.363 GC heap before
{Heap before GC invocations=110 (full 6):
 garbage-first heap   total 89088K, used 75679K [0x00000000c3000000, 0x0000000100000000)
  region size 1024K, 42 young (43008K), 1 survivors (1024K)
 Metaspace       used 67417K, committed 68160K, reserved 1114112K
  class space    used 9409K, committed 9728K, reserved 1048576K
}
Event: 3551.379 GC heap after
{Heap after GC invocations=111 (full 6):
 garbage-first heap   total 89088K, used 35699K [0x00000000c3000000, 0x0000000100000000)
  region size 1024K, 3 young (3072K), 3 survivors (3072K)
 Metaspace       used 67417K, committed 68160K, reserved 1114112K
  class space    used 9409K, committed 9728K, reserved 1048576K
}
Event: 3551.492 GC heap before
{Heap before GC invocations=111 (full 6):
 garbage-first heap   total 89088K, used 76659K [0x00000000c3000000, 0x0000000100000000)
  region size 1024K, 43 young (44032K), 3 survivors (3072K)
 Metaspace       used 67417K, committed 68160K, reserved 1114112K
  class space    used 9409K, committed 9728K, reserved 1048576K
}
Event: 3551.496 GC heap after
{Heap after GC invocations=112 (full 6):
 garbage-first heap   total 89088K, used 35629K [0x00000000c3000000, 0x0000000100000000)
  region size 1024K, 3 young (3072K), 3 survivors (3072K)
 Metaspace       used 67417K, committed 68160K, reserved 1114112K
  class space    used 9409K, committed 9728K, reserved 1048576K
}
Event: 3566.982 GC heap before
{Heap before GC invocations=112 (full 6):
 garbage-first heap   total 89088K, used 78637K [0x00000000c3000000, 0x0000000100000000)
  region size 1024K, 45 young (46080K), 3 survivors (3072K)
 Metaspace       used 67417K, committed 68160K, reserved 1114112K
  class space    used 9409K, committed 9728K, reserved 1048576K
}
Event: 3568.319 GC heap after
{Heap after GC invocations=113 (full 6):
 garbage-first heap   total 89088K, used 37684K [0x00000000c3000000, 0x0000000100000000)
  region size 1024K, 5 young (5120K), 5 survivors (5120K)
 Metaspace       used 67417K, committed 68160K, reserved 1114112K
  class space    used 9409K, committed 9728K, reserved 1048576K
}
Event: 3579.656 GC heap before
{Heap before GC invocations=114 (full 6):
 garbage-first heap   total 89088K, used 71476K [0x00000000c3000000, 0x0000000100000000)
  region size 1024K, 38 young (38912K), 5 survivors (5120K)
 Metaspace       used 67186K, committed 68096K, reserved 1114112K
  class space    used 9355K, committed 9728K, reserved 1048576K
}
Event: 3580.408 GC heap after
{Heap after GC invocations=115 (full 6):
 garbage-first heap   total 89088K, used 37539K [0x00000000c3000000, 0x0000000100000000)
  region size 1024K, 3 young (3072K), 3 survivors (3072K)
 Metaspace       used 67186K, committed 68096K, reserved 1114112K
  class space    used 9355K, committed 9728K, reserved 1048576K
}
Event: 3580.421 GC heap before
{Heap before GC invocations=115 (full 6):
 garbage-first heap   total 89088K, used 38563K [0x00000000c3000000, 0x0000000100000000)
  region size 1024K, 4 young (4096K), 3 survivors (3072K)
 Metaspace       used 67186K, committed 68096K, reserved 1114112K
  class space    used 9355K, committed 9728K, reserved 1048576K
}
Event: 3580.427 GC heap after
{Heap after GC invocations=116 (full 6):
 garbage-first heap   total 89088K, used 36407K [0x00000000c3000000, 0x0000000100000000)
  region size 1024K, 1 young (1024K), 1 survivors (1024K)
 Metaspace       used 67186K, committed 68096K, reserved 1114112K
  class space    used 9355K, committed 9728K, reserved 1048576K
}
Event: 3602.161 GC heap before
{Heap before GC invocations=116 (full 6):
 garbage-first heap   total 89088K, used 64055K [0x00000000c3000000, 0x0000000100000000)
  region size 1024K, 28 young (28672K), 1 survivors (1024K)
 Metaspace       used 67189K, committed 68096K, reserved 1114112K
  class space    used 9356K, committed 9728K, reserved 1048576K
}

