# JRE version: OpenJDK Runtime Environment Temurin-21.0.6+7 (21.0.6+7) (build 21.0.6+7-LTS)
# Java VM: OpenJDK 64-Bit Server VM Temurin-21.0.6+7 (21.0.6+7-LTS, mixed mode, emulated-client, sharing, tiered, compressed oops, compressed class ptrs, g1 gc, windows-amd64)
GC Precious Log:
 CardTable entry size: 512
 Card Set container configuration: InlinePtr #cards 5 size 8 Array Of Cards #cards 12 size 40 Howl #buckets 4 coarsen threshold 1843 Howl Bitmap #cards 512 size 80 coarsen threshold 460 Card regions per heap region 1 cards per card region 2048
 CPUs: 8 total, 8 available
 Memory: 3899M
 Large Page Support: Disabled
 NUMA Support: Disabled
 Compressed Oops: Enabled (32-bit)
 Heap Region Size: 1M
 Heap Min Capacity: 8M
 Heap Initial Capacity: 62M
 Heap Max Capacity: 976M
 Pre-touch: Disabled
 Parallel Workers: 8
 Concurrent Workers: 2
 Concurrent Refinement Workers: 8
 Periodic GC: Disabled
Heap:
 garbage-first heap   total 137216K, used 55666K [0x00000000c3000000, 0x0000000100000000)
  region size 1024K, 1 young (1024K), 1 survivors (1024K)
 Metaspace       used 70108K, committed 71040K, reserved 1114112K
  class space    used 9631K, committed 10048K, reserved 1048576K
GC Heap History (20 events):
Event: 1287.203 GC heap after
{Heap after GC invocations=191 (full 14):
 garbage-first heap   total 137216K, used 46237K [0x00000000c3000000, 0x0000000100000000)
  region size 1024K, 4 young (4096K), 4 survivors (4096K)
 Metaspace       used 70118K, committed 71040K, reserved 1114112K
  class space    used 9632K, committed 10048K, reserved 1048576K
}
Event: 1295.706 GC heap before
{Heap before GC invocations=192 (full 14):
 garbage-first heap   total 137216K, used 117917K [0x00000000c3000000, 0x0000000100000000)
  region size 1024K, 74 young (75776K), 4 survivors (4096K)
 Metaspace       used 70108K, committed 71040K, reserved 1114112K
  class space    used 9631K, committed 10048K, reserved 1048576K
}
Event: 1295.719 GC heap after
{Heap after GC invocations=193 (full 14):
 garbage-first heap   total 137216K, used 50190K [0x00000000c3000000, 0x0000000100000000)
  region size 1024K, 7 young (7168K), 7 survivors (7168K)
 Metaspace       used 70108K, committed 71040K, reserved 1114112K
  class space    used 9631K, committed 10048K, reserved 1048576K
}
Event: 1303.401 GC heap before
{Heap before GC invocations=193 (full 14):
 garbage-first heap   total 137216K, used 118798K [0x00000000c3000000, 0x0000000100000000)
  region size 1024K, 74 young (75776K), 7 survivors (7168K)
 Metaspace       used 70108K, committed 71040K, reserved 1114112K
  class space    used 9631K, committed 10048K, reserved 1048576K
}
Event: 1304.259 GC heap after
{Heap after GC invocations=194 (full 14):
 garbage-first heap   total 137216K, used 45034K [0x00000000c3000000, 0x0000000100000000)
  region size 1024K, 4 young (4096K), 4 survivors (4096K)
 Metaspace       used 70108K, committed 71040K, reserved 1114112K
  class space    used 9631K, committed 10048K, reserved 1048576K
}
Event: 1304.341 GC heap before
{Heap before GC invocations=194 (full 14):
 garbage-first heap   total 137216K, used 47082K [0x00000000c3000000, 0x0000000100000000)
  region size 1024K, 6 young (6144K), 4 survivors (4096K)
 Metaspace       used 70108K, committed 71040K, reserved 1114112K
  class space    used 9631K, committed 10048K, reserved 1048576K
}
Event: 1304.622 GC heap after
{Heap after GC invocations=195 (full 14):
 garbage-first heap   total 137216K, used 45698K [0x00000000c3000000, 0x0000000100000000)
  region size 1024K, 1 young (1024K), 1 survivors (1024K)
 Metaspace       used 70108K, committed 71040K, reserved 1114112K
  class space    used 9631K, committed 10048K, reserved 1048576K
}
Event: 1305.031 GC heap before
{Heap before GC invocations=196 (full 14):
 garbage-first heap   total 137216K, used 50818K [0x00000000c3000000, 0x0000000100000000)
  region size 1024K, 6 young (6144K), 1 survivors (1024K)
 Metaspace       used 70108K, committed 71040K, reserved 1114112K
  class space    used 9631K, committed 10048K, reserved 1048576K
}
Event: 1305.036 GC heap after
{Heap after GC invocations=197 (full 14):
 garbage-first heap   total 137216K, used 47175K [0x00000000c3000000, 0x0000000100000000)
  region size 1024K, 1 young (1024K), 1 survivors (1024K)
 Metaspace       used 70108K, committed 71040K, reserved 1114112K
  class space    used 9631K, committed 10048K, reserved 1048576K
}
Event: 1305.417 GC heap before
{Heap before GC invocations=197 (full 14):
 garbage-first heap   total 137216K, used 52295K [0x00000000c3000000, 0x0000000100000000)
  region size 1024K, 6 young (6144K), 1 survivors (1024K)
 Metaspace       used 70108K, committed 71040K, reserved 1114112K
  class space    used 9631K, committed 10048K, reserved 1048576K
}
Event: 1307.166 GC heap after
{Heap after GC invocations=198 (full 14):
 garbage-first heap   total 137216K, used 48873K [0x00000000c3000000, 0x0000000100000000)
  region size 1024K, 1 young (1024K), 1 survivors (1024K)
 Metaspace       used 70108K, committed 71040K, reserved 1114112K
  class space    used 9631K, committed 10048K, reserved 1048576K
}
Event: 1307.394 GC heap before
{Heap before GC invocations=198 (full 14):
 garbage-first heap   total 137216K, used 53993K [0x00000000c3000000, 0x0000000100000000)
  region size 1024K, 6 young (6144K), 1 survivors (1024K)
 Metaspace       used 70108K, committed 71040K, reserved 1114112K
  class space    used 9631K, committed 10048K, reserved 1048576K
}
Event: 1307.398 GC heap after
{Heap after GC invocations=199 (full 14):
 garbage-first heap   total 137216K, used 49620K [0x00000000c3000000, 0x0000000100000000)
  region size 1024K, 1 young (1024K), 1 survivors (1024K)
 Metaspace       used 70108K, committed 71040K, reserved 1114112K
  class space    used 9631K, committed 10048K, reserved 1048576K
}
Event: 1311.294 GC heap before
{Heap before GC invocations=199 (full 14):
 garbage-first heap   total 137216K, used 104916K [0x00000000c3000000, 0x0000000100000000)
  region size 1024K, 55 young (56320K), 1 survivors (1024K)
 Metaspace       used 70108K, committed 71040K, reserved 1114112K
  class space    used 9631K, committed 10048K, reserved 1048576K
}
Event: 1312.289 GC heap after
{Heap after GC invocations=200 (full 14):
 garbage-first heap   total 137216K, used 51743K [0x00000000c3000000, 0x0000000100000000)
  region size 1024K, 3 young (3072K), 3 survivors (3072K)
 Metaspace       used 70108K, committed 71040K, reserved 1114112K
  class space    used 9631K, committed 10048K, reserved 1048576K
}
Event: 1312.522 GC heap before
{Heap before GC invocations=201 (full 14):
 garbage-first heap   total 137216K, used 54815K [0x00000000c3000000, 0x0000000100000000)
  region size 1024K, 6 young (6144K), 3 survivors (3072K)
 Metaspace       used 70108K, committed 71040K, reserved 1114112K
  class space    used 9631K, committed 10048K, reserved 1048576K
}
Event: 1313.220 GC heap after
{Heap after GC invocations=202 (full 14):
 garbage-first heap   total 137216K, used 52643K [0x00000000c3000000, 0x0000000100000000)
  region size 1024K, 1 young (1024K), 1 survivors (1024K)
 Metaspace       used 70108K, committed 71040K, reserved 1114112K
  class space    used 9631K, committed 10048K, reserved 1048576K
}
Event: 1313.489 GC heap before
{Heap before GC invocations=202 (full 14):
 garbage-first heap   total 137216K, used 57763K [0x00000000c3000000, 0x0000000100000000)
  region size 1024K, 6 young (6144K), 1 survivors (1024K)
 Metaspace       used 70108K, committed 71040K, reserved 1114112K
  class space    used 9631K, committed 10048K, reserved 1048576K
}
Event: 1313.496 GC heap after
{Heap after GC invocations=203 (full 14):
 garbage-first heap   total 137216K, used 54015K [0x00000000c3000000, 0x0000000100000000)
  region size 1024K, 1 young (1024K), 1 survivors (1024K)
 Metaspace       used 70108K, committed 71040K, reserved 1114112K
  class space    used 9631K, committed 10048K, reserved 1048576K
}
Event: 1314.012 GC heap before
{Heap before GC invocations=203 (full 14):
 garbage-first heap   total 137216K, used 59135K [0x00000000c3000000, 0x0000000100000000)
  region size 1024K, 6 young (6144K), 1 survivors (1024K)
 Metaspace       used 70108K, committed 71040K, reserved 1114112K
  class space    used 9631K, committed 10048K, reserved 1048576K
}

