# JRE version: OpenJDK Runtime Environment Temurin-21.0.6+7 (21.0.6+7) (build 21.0.6+7-LTS)
# Java VM: OpenJDK 64-Bit Server VM Temurin-21.0.6+7 (21.0.6+7-LTS, mixed mode, sharing, tiered, compressed oops, compressed class ptrs, parallel gc, windows-amd64)
GC Precious Log:
 CardTable entry size: 512
 CPUs: 8 total, 8 available
 Memory: 3899M
 Large Page Support: Disabled
 NUMA Support: Disabled
 Compressed Oops: Enabled (32-bit)
 Alignments: Space 512K, Generation 512K, Heap 2M
 Heap Min Capacity: 100M
 Heap Initial Capacity: 100M
 Heap Max Capacity: 1G
 Pre-touch: Disabled
 Parallel Workers: 8
Heap:
 PSYoungGen      total 14336K, used 14147K [0x00000000eab00000, 0x00000000ebc00000, 0x0000000100000000)
  eden space 11264K, 100% used [0x00000000eab00000,0x00000000eb600000,0x00000000eb600000)
  from space 3072K, 93% used [0x00000000eb900000,0x00000000ebbd0f40,0x00000000ebc00000)
  to   space 3072K, 80% used [0x00000000eb600000,0x00000000eb8675c8,0x00000000eb900000)
 ParOldGen       total 110592K, used 110344K [0x00000000c0000000, 0x00000000c6c00000, 0x00000000eab00000)
  object space 110592K, 99% used [0x00000000c0000000,0x00000000c6bc2330,0x00000000c6c00000)
 Metaspace       used 48368K, committed 49664K, reserved 1114112K
  class space    used 5113K, committed 5696K, reserved 1048576K
GC Heap History (20 events):
Event: 16.939 GC heap before
{Heap before GC invocations=40 (full 2):
 PSYoungGen      total 14336K, used 14003K [0x00000000eab00000, 0x00000000ebe00000, 0x0000000100000000)
  eden space 11264K, 100% used [0x00000000eab00000,0x00000000eb600000,0x00000000eb600000)
  from space 3072K, 89% used [0x00000000eb600000,0x00000000eb8acc90,0x00000000eb900000)
  to   space 4096K, 0% used [0x00000000eba00000,0x00000000eba00000,0x00000000ebe00000)
 ParOldGen       total 79360K, used 79355K [0x00000000c0000000, 0x00000000c4d80000, 0x00000000eab00000)
  object space 79360K, 99% used [0x00000000c0000000,0x00000000c4d7ee10,0x00000000c4d80000)
 Metaspace       used 48357K, committed 49664K, reserved 1114112K
  class space    used 5113K, committed 5696K, reserved 1048576K
}
Event: 16.945 GC heap after
{Heap after GC invocations=40 (full 2):
 PSYoungGen      total 14336K, used 2611K [0x00000000eab00000, 0x00000000ebd00000, 0x0000000100000000)
  eden space 11264K, 0% used [0x00000000eab00000,0x00000000eab00000,0x00000000eb600000)
  from space 3072K, 84% used [0x00000000eba00000,0x00000000ebc8cc00,0x00000000ebd00000)
  to   space 3072K, 0% used [0x00000000eb600000,0x00000000eb600000,0x00000000eb900000)
 ParOldGen       total 81920K, used 81871K [0x00000000c0000000, 0x00000000c5000000, 0x00000000eab00000)
  object space 81920K, 99% used [0x00000000c0000000,0x00000000c4ff3d70,0x00000000c5000000)
 Metaspace       used 48357K, committed 49664K, reserved 1114112K
  class space    used 5113K, committed 5696K, reserved 1048576K
}
Event: 17.216 GC heap before
{Heap before GC invocations=41 (full 2):
 PSYoungGen      total 14336K, used 13875K [0x00000000eab00000, 0x00000000ebd00000, 0x0000000100000000)
  eden space 11264K, 100% used [0x00000000eab00000,0x00000000eb600000,0x00000000eb600000)
  from space 3072K, 84% used [0x00000000eba00000,0x00000000ebc8cc00,0x00000000ebd00000)
  to   space 3072K, 0% used [0x00000000eb600000,0x00000000eb600000,0x00000000eb900000)
 ParOldGen       total 81920K, used 81871K [0x00000000c0000000, 0x00000000c5000000, 0x00000000eab00000)
  object space 81920K, 99% used [0x00000000c0000000,0x00000000c4ff3d70,0x00000000c5000000)
 Metaspace       used 48357K, committed 49664K, reserved 1114112K
  class space    used 5113K, committed 5696K, reserved 1048576K
}
Event: 17.222 GC heap after
{Heap after GC invocations=41 (full 2):
 PSYoungGen      total 14336K, used 2765K [0x00000000eab00000, 0x00000000ebc00000, 0x0000000100000000)
  eden space 11264K, 0% used [0x00000000eab00000,0x00000000eab00000,0x00000000eb600000)
  from space 3072K, 90% used [0x00000000eb600000,0x00000000eb8b37b8,0x00000000eb900000)
  to   space 3072K, 0% used [0x00000000eb900000,0x00000000eb900000,0x00000000ebc00000)
 ParOldGen       total 84480K, used 84298K [0x00000000c0000000, 0x00000000c5280000, 0x00000000eab00000)
  object space 84480K, 99% used [0x00000000c0000000,0x00000000c5252850,0x00000000c5280000)
 Metaspace       used 48357K, committed 49664K, reserved 1114112K
  class space    used 5113K, committed 5696K, reserved 1048576K
}
Event: 17.442 GC heap before
{Heap before GC invocations=42 (full 2):
 PSYoungGen      total 14336K, used 14029K [0x00000000eab00000, 0x00000000ebc00000, 0x0000000100000000)
  eden space 11264K, 100% used [0x00000000eab00000,0x00000000eb600000,0x00000000eb600000)
  from space 3072K, 90% used [0x00000000eb600000,0x00000000eb8b37b8,0x00000000eb900000)
  to   space 3072K, 0% used [0x00000000eb900000,0x00000000eb900000,0x00000000ebc00000)
 ParOldGen       total 84480K, used 84298K [0x00000000c0000000, 0x00000000c5280000, 0x00000000eab00000)
  object space 84480K, 99% used [0x00000000c0000000,0x00000000c5252850,0x00000000c5280000)
 Metaspace       used 48357K, committed 49664K, reserved 1114112K
  class space    used 5113K, committed 5696K, reserved 1048576K
}
Event: 17.448 GC heap after
{Heap after GC invocations=42 (full 2):
 PSYoungGen      total 14336K, used 2794K [0x00000000eab00000, 0x00000000ebc00000, 0x0000000100000000)
  eden space 11264K, 0% used [0x00000000eab00000,0x00000000eab00000,0x00000000eb600000)
  from space 3072K, 90% used [0x00000000eb900000,0x00000000ebbbab80,0x00000000ebc00000)
  to   space 3072K, 0% used [0x00000000eb600000,0x00000000eb600000,0x00000000eb900000)
 ParOldGen       total 87040K, used 86912K [0x00000000c0000000, 0x00000000c5500000, 0x00000000eab00000)
  object space 87040K, 99% used [0x00000000c0000000,0x00000000c54e0328,0x00000000c5500000)
 Metaspace       used 48357K, committed 49664K, reserved 1114112K
  class space    used 5113K, committed 5696K, reserved 1048576K
}
Event: 17.714 GC heap before
{Heap before GC invocations=43 (full 2):
 PSYoungGen      total 14336K, used 14024K [0x00000000eab00000, 0x00000000ebc00000, 0x0000000100000000)
  eden space 11264K, 99% used [0x00000000eab00000,0x00000000eb5f74b8,0x00000000eb600000)
  from space 3072K, 90% used [0x00000000eb900000,0x00000000ebbbab80,0x00000000ebc00000)
  to   space 3072K, 0% used [0x00000000eb600000,0x00000000eb600000,0x00000000eb900000)
 ParOldGen       total 87040K, used 86912K [0x00000000c0000000, 0x00000000c5500000, 0x00000000eab00000)
  object space 87040K, 99% used [0x00000000c0000000,0x00000000c54e0328,0x00000000c5500000)
 Metaspace       used 48357K, committed 49664K, reserved 1114112K
  class space    used 5113K, committed 5696K, reserved 1048576K
}
Event: 17.719 GC heap after
{Heap after GC invocations=43 (full 2):
 PSYoungGen      total 14336K, used 2757K [0x00000000eab00000, 0x00000000ebc00000, 0x0000000100000000)
  eden space 11264K, 0% used [0x00000000eab00000,0x00000000eab00000,0x00000000eb600000)
  from space 3072K, 89% used [0x00000000eb600000,0x00000000eb8b1470,0x00000000eb900000)
  to   space 3072K, 0% used [0x00000000eb900000,0x00000000eb900000,0x00000000ebc00000)
 ParOldGen       total 89600K, used 89530K [0x00000000c0000000, 0x00000000c5780000, 0x00000000eab00000)
  object space 89600K, 99% used [0x00000000c0000000,0x00000000c576ebd8,0x00000000c5780000)
 Metaspace       used 48357K, committed 49664K, reserved 1114112K
  class space    used 5113K, committed 5696K, reserved 1048576K
}
Event: 17.929 GC heap before
{Heap before GC invocations=44 (full 2):
 PSYoungGen      total 14336K, used 14021K [0x00000000eab00000, 0x00000000ebc00000, 0x0000000100000000)
  eden space 11264K, 99% used [0x00000000eab00000,0x00000000eb5fffd8,0x00000000eb600000)
  from space 3072K, 89% used [0x00000000eb600000,0x00000000eb8b1470,0x00000000eb900000)
  to   space 3072K, 0% used [0x00000000eb900000,0x00000000eb900000,0x00000000ebc00000)
 ParOldGen       total 89600K, used 89530K [0x00000000c0000000, 0x00000000c5780000, 0x00000000eab00000)
  object space 89600K, 99% used [0x00000000c0000000,0x00000000c576ebd8,0x00000000c5780000)
 Metaspace       used 48357K, committed 49664K, reserved 1114112K
  class space    used 5113K, committed 5696K, reserved 1048576K
}
Event: 17.935 GC heap after
{Heap after GC invocations=44 (full 2):
 PSYoungGen      total 14336K, used 2945K [0x00000000eab00000, 0x00000000ebc00000, 0x0000000100000000)
  eden space 11264K, 0% used [0x00000000eab00000,0x00000000eab00000,0x00000000eb600000)
  from space 3072K, 95% used [0x00000000eb900000,0x00000000ebbe0418,0x00000000ebc00000)
  to   space 3072K, 0% used [0x00000000eb600000,0x00000000eb600000,0x00000000eb900000)
 ParOldGen       total 92160K, used 92057K [0x00000000c0000000, 0x00000000c5a00000, 0x00000000eab00000)
  object space 92160K, 99% used [0x00000000c0000000,0x00000000c59e6738,0x00000000c5a00000)
 Metaspace       used 48357K, committed 49664K, reserved 1114112K
  class space    used 5113K, committed 5696K, reserved 1048576K
}
Event: 18.207 GC heap before
{Heap before GC invocations=45 (full 2):
 PSYoungGen      total 14336K, used 14209K [0x00000000eab00000, 0x00000000ebc00000, 0x0000000100000000)
  eden space 11264K, 100% used [0x00000000eab00000,0x00000000eb600000,0x00000000eb600000)
  from space 3072K, 95% used [0x00000000eb900000,0x00000000ebbe0418,0x00000000ebc00000)
  to   space 3072K, 0% used [0x00000000eb600000,0x00000000eb600000,0x00000000eb900000)
 ParOldGen       total 92160K, used 92057K [0x00000000c0000000, 0x00000000c5a00000, 0x00000000eab00000)
  object space 92160K, 99% used [0x00000000c0000000,0x00000000c59e6738,0x00000000c5a00000)
 Metaspace       used 48357K, committed 49664K, reserved 1114112K
  class space    used 5113K, committed 5696K, reserved 1048576K
}
Event: 18.214 GC heap after
{Heap after GC invocations=45 (full 2):
 PSYoungGen      total 14336K, used 2906K [0x00000000eab00000, 0x00000000ebc00000, 0x0000000100000000)
  eden space 11264K, 0% used [0x00000000eab00000,0x00000000eab00000,0x00000000eb600000)
  from space 3072K, 94% used [0x00000000eb600000,0x00000000eb8d6950,0x00000000eb900000)
  to   space 3072K, 0% used [0x00000000eb900000,0x00000000eb900000,0x00000000ebc00000)
 ParOldGen       total 95232K, used 94827K [0x00000000c0000000, 0x00000000c5d00000, 0x00000000eab00000)
  object space 95232K, 99% used [0x00000000c0000000,0x00000000c5c9ad98,0x00000000c5d00000)
 Metaspace       used 48357K, committed 49664K, reserved 1114112K
  class space    used 5113K, committed 5696K, reserved 1048576K
}
Event: 18.740 GC heap before
{Heap before GC invocations=46 (full 2):
 PSYoungGen      total 14336K, used 14170K [0x00000000eab00000, 0x00000000ebc00000, 0x0000000100000000)
  eden space 11264K, 100% used [0x00000000eab00000,0x00000000eb600000,0x00000000eb600000)
  from space 3072K, 94% used [0x00000000eb600000,0x00000000eb8d6950,0x00000000eb900000)
  to   space 3072K, 0% used [0x00000000eb900000,0x00000000eb900000,0x00000000ebc00000)
 ParOldGen       total 95232K, used 94827K [0x00000000c0000000, 0x00000000c5d00000, 0x00000000eab00000)
  object space 95232K, 99% used [0x00000000c0000000,0x00000000c5c9ad98,0x00000000c5d00000)
 Metaspace       used 48362K, committed 49664K, reserved 1114112K
  class space    used 5113K, committed 5696K, reserved 1048576K
}
Event: 18.749 GC heap after
{Heap after GC invocations=46 (full 2):
 PSYoungGen      total 14336K, used 2665K [0x00000000eab00000, 0x00000000ebc00000, 0x0000000100000000)
  eden space 11264K, 0% used [0x00000000eab00000,0x00000000eab00000,0x00000000eb600000)
  from space 3072K, 86% used [0x00000000eb900000,0x00000000ebb9a758,0x00000000ebc00000)
  to   space 3072K, 0% used [0x00000000eb600000,0x00000000eb600000,0x00000000eb900000)
 ParOldGen       total 97792K, used 97552K [0x00000000c0000000, 0x00000000c5f80000, 0x00000000eab00000)
  object space 97792K, 99% used [0x00000000c0000000,0x00000000c5f44200,0x00000000c5f80000)
 Metaspace       used 48362K, committed 49664K, reserved 1114112K
  class space    used 5113K, committed 5696K, reserved 1048576K
}
Event: 19.062 GC heap before
{Heap before GC invocations=47 (full 2):
 PSYoungGen      total 14336K, used 13929K [0x00000000eab00000, 0x00000000ebc00000, 0x0000000100000000)
  eden space 11264K, 100% used [0x00000000eab00000,0x00000000eb600000,0x00000000eb600000)
  from space 3072K, 86% used [0x00000000eb900000,0x00000000ebb9a758,0x00000000ebc00000)
  to   space 3072K, 0% used [0x00000000eb600000,0x00000000eb600000,0x00000000eb900000)
 ParOldGen       total 97792K, used 97552K [0x00000000c0000000, 0x00000000c5f80000, 0x00000000eab00000)
  object space 97792K, 99% used [0x00000000c0000000,0x00000000c5f44200,0x00000000c5f80000)
 Metaspace       used 48366K, committed 49664K, reserved 1114112K
  class space    used 5113K, committed 5696K, reserved 1048576K
}
Event: 19.068 GC heap after
{Heap after GC invocations=47 (full 2):
 PSYoungGen      total 14336K, used 2670K [0x00000000eab00000, 0x00000000ebc00000, 0x0000000100000000)
  eden space 11264K, 0% used [0x00000000eab00000,0x00000000eab00000,0x00000000eb600000)
  from space 3072K, 86% used [0x00000000eb600000,0x00000000eb89b920,0x00000000eb900000)
  to   space 3072K, 0% used [0x00000000eb900000,0x00000000eb900000,0x00000000ebc00000)
 ParOldGen       total 100352K, used 100047K [0x00000000c0000000, 0x00000000c6200000, 0x00000000eab00000)
  object space 100352K, 99% used [0x00000000c0000000,0x00000000c61b3eb8,0x00000000c6200000)
 Metaspace       used 48366K, committed 49664K, reserved 1114112K
  class space    used 5113K, committed 5696K, reserved 1048576K
}
Event: 19.272 GC heap before
{Heap before GC invocations=48 (full 2):
 PSYoungGen      total 14336K, used 13934K [0x00000000eab00000, 0x00000000ebc00000, 0x0000000100000000)
  eden space 11264K, 100% used [0x00000000eab00000,0x00000000eb600000,0x00000000eb600000)
  from space 3072K, 86% used [0x00000000eb600000,0x00000000eb89b920,0x00000000eb900000)
  to   space 3072K, 0% used [0x00000000eb900000,0x00000000eb900000,0x00000000ebc00000)
 ParOldGen       total 100352K, used 100047K [0x00000000c0000000, 0x00000000c6200000, 0x00000000eab00000)
  object space 100352K, 99% used [0x00000000c0000000,0x00000000c61b3eb8,0x00000000c6200000)
 Metaspace       used 48366K, committed 49664K, reserved 1114112K
  class space    used 5113K, committed 5696K, reserved 1048576K
}
Event: 19.279 GC heap after
{Heap after GC invocations=48 (full 2):
 PSYoungGen      total 14336K, used 2773K [0x00000000eab00000, 0x00000000ebc00000, 0x0000000100000000)
  eden space 11264K, 0% used [0x00000000eab00000,0x00000000eab00000,0x00000000eb600000)
  from space 3072K, 90% used [0x00000000eb900000,0x00000000ebbb5450,0x00000000ebc00000)
  to   space 3072K, 0% used [0x00000000eb600000,0x00000000eb600000,0x00000000eb900000)
 ParOldGen       total 102912K, used 102538K [0x00000000c0000000, 0x00000000c6480000, 0x00000000eab00000)
  object space 102912K, 99% used [0x00000000c0000000,0x00000000c64229b8,0x00000000c6480000)
 Metaspace       used 48366K, committed 49664K, reserved 1114112K
  class space    used 5113K, committed 5696K, reserved 1048576K
}
Event: 19.479 GC heap before
{Heap before GC invocations=49 (full 2):
 PSYoungGen      total 14336K, used 14037K [0x00000000eab00000, 0x00000000ebc00000, 0x0000000100000000)
  eden space 11264K, 100% used [0x00000000eab00000,0x00000000eb600000,0x00000000eb600000)
  from space 3072K, 90% used [0x00000000eb900000,0x00000000ebbb5450,0x00000000ebc00000)
  to   space 3072K, 0% used [0x00000000eb600000,0x00000000eb600000,0x00000000eb900000)
 ParOldGen       total 102912K, used 102538K [0x00000000c0000000, 0x00000000c6480000, 0x00000000eab00000)
  object space 102912K, 99% used [0x00000000c0000000,0x00000000c64229b8,0x00000000c6480000)
 Metaspace       used 48366K, committed 49664K, reserved 1114112K
  class space    used 5113K, committed 5696K, reserved 1048576K
}
Event: 19.485 GC heap after
{Heap after GC invocations=49 (full 2):
 PSYoungGen      total 14336K, used 2809K [0x00000000eab00000, 0x00000000ebc00000, 0x0000000100000000)
  eden space 11264K, 0% used [0x00000000eab00000,0x00000000eab00000,0x00000000eb600000)
  from space 3072K, 91% used [0x00000000eb600000,0x00000000eb8be560,0x00000000eb900000)
  to   space 3072K, 0% used [0x00000000eb900000,0x00000000eb900000,0x00000000ebc00000)
 ParOldGen       total 105472K, used 105117K [0x00000000c0000000, 0x00000000c6700000, 0x00000000eab00000)
  object space 105472K, 99% used [0x00000000c0000000,0x00000000c66a7668,0x00000000c6700000)
 Metaspace       used 48366K, committed 49664K, reserved 1114112K
  class space    used 5113K, committed 5696K, reserved 1048576K
}

