# JRE version: OpenJDK Runtime Environment Temurin-21.0.6+7 (21.0.6+7) (build 21.0.6+7-LTS)
# Java VM: OpenJDK 64-Bit Server VM Temurin-21.0.6+7 (21.0.6+7-LTS, mixed mode, sharing, tiered, compressed oops, compressed class ptrs, parallel gc, windows-amd64)
GC Precious Log:
 CardTable entry size: 512
 CPUs: 8 total, 8 available
 Memory: 3899M
 Large Page Support: Disabled
 NUMA Support: Disabled
 Compressed Oops: Enabled (32-bit)
 Alignments: Space 512K, Generation 512K, Heap 2M
 Heap Min Capacity: 100M
 Heap Initial Capacity: 100M
 Heap Max Capacity: 1G
 Pre-touch: Disabled
 Parallel Workers: 8
Heap:
 PSYoungGen      total 18944K, used 15325K [0x00000000eab00000, 0x00000000ec280000, 0x0000000100000000)
  eden space 16896K, 78% used [0x00000000eab00000,0x00000000eb7fcf88,0x00000000ebb80000)
  from space 2048K, 98% used [0x00000000ec080000,0x00000000ec27a6f8,0x00000000ec280000)
  to   space 3584K, 0% used [0x00000000ebd00000,0x00000000ebd00000,0x00000000ec080000)
 ParOldGen       total 68608K, used 51843K [0x00000000c0000000, 0x00000000c4300000, 0x00000000eab00000)
  object space 68608K, 75% used [0x00000000c0000000,0x00000000c32a0f78,0x00000000c4300000)
 Metaspace       used 48311K, committed 49600K, reserved 1114112K
  class space    used 5104K, committed 5696K, reserved 1048576K
GC Heap History (20 events):
Event: 49.536 GC heap before
{Heap before GC invocations=23 (full 2):
 PSYoungGen      total 22016K, used 22002K [0x00000000eab00000, 0x00000000eca80000, 0x0000000100000000)
  eden space 19968K, 100% used [0x00000000eab00000,0x00000000ebe80000,0x00000000ebe80000)
  from space 2048K, 99% used [0x00000000ec380000,0x00000000ec57cb20,0x00000000ec580000)
  to   space 5120K, 0% used [0x00000000ebe80000,0x00000000ebe80000,0x00000000ec380000)
 ParOldGen       total 68608K, used 28109K [0x00000000c0000000, 0x00000000c4300000, 0x00000000eab00000)
  object space 68608K, 40% used [0x00000000c0000000,0x00000000c1b73418,0x00000000c4300000)
 Metaspace       used 45260K, committed 46464K, reserved 1114112K
  class space    used 4758K, committed 5312K, reserved 1048576K
}
Event: 49.543 GC heap after
{Heap after GC invocations=23 (full 2):
 PSYoungGen      total 22528K, used 2240K [0x00000000eab00000, 0x00000000ec580000, 0x0000000100000000)
  eden space 19968K, 0% used [0x00000000eab00000,0x00000000eab00000,0x00000000ebe80000)
  from space 2560K, 87% used [0x00000000ebe80000,0x00000000ec0b0000,0x00000000ec100000)
  to   space 3584K, 0% used [0x00000000ec200000,0x00000000ec200000,0x00000000ec580000)
 ParOldGen       total 68608K, used 30095K [0x00000000c0000000, 0x00000000c4300000, 0x00000000eab00000)
  object space 68608K, 43% used [0x00000000c0000000,0x00000000c1d63fb8,0x00000000c4300000)
 Metaspace       used 45260K, committed 46464K, reserved 1114112K
  class space    used 4758K, committed 5312K, reserved 1048576K
}
Event: 49.665 GC heap before
{Heap before GC invocations=24 (full 2):
 PSYoungGen      total 22528K, used 22208K [0x00000000eab00000, 0x00000000ec580000, 0x0000000100000000)
  eden space 19968K, 100% used [0x00000000eab00000,0x00000000ebe80000,0x00000000ebe80000)
  from space 2560K, 87% used [0x00000000ebe80000,0x00000000ec0b0000,0x00000000ec100000)
  to   space 3584K, 0% used [0x00000000ec200000,0x00000000ec200000,0x00000000ec580000)
 ParOldGen       total 68608K, used 30095K [0x00000000c0000000, 0x00000000c4300000, 0x00000000eab00000)
  object space 68608K, 43% used [0x00000000c0000000,0x00000000c1d63fb8,0x00000000c4300000)
 Metaspace       used 45471K, committed 46720K, reserved 1114112K
  class space    used 4789K, committed 5376K, reserved 1048576K
}
Event: 49.671 GC heap after
{Heap after GC invocations=24 (full 2):
 PSYoungGen      total 22528K, used 2052K [0x00000000eab00000, 0x00000000ec480000, 0x0000000100000000)
  eden space 19968K, 0% used [0x00000000eab00000,0x00000000eab00000,0x00000000ebe80000)
  from space 2560K, 80% used [0x00000000ec200000,0x00000000ec401000,0x00000000ec480000)
  to   space 2560K, 0% used [0x00000000ebe80000,0x00000000ebe80000,0x00000000ec100000)
 ParOldGen       total 68608K, used 32148K [0x00000000c0000000, 0x00000000c4300000, 0x00000000eab00000)
  object space 68608K, 46% used [0x00000000c0000000,0x00000000c1f65298,0x00000000c4300000)
 Metaspace       used 45471K, committed 46720K, reserved 1114112K
  class space    used 4789K, committed 5376K, reserved 1048576K
}
Event: 49.763 GC heap before
{Heap before GC invocations=25 (full 2):
 PSYoungGen      total 22528K, used 22020K [0x00000000eab00000, 0x00000000ec480000, 0x0000000100000000)
  eden space 19968K, 100% used [0x00000000eab00000,0x00000000ebe80000,0x00000000ebe80000)
  from space 2560K, 80% used [0x00000000ec200000,0x00000000ec401000,0x00000000ec480000)
  to   space 2560K, 0% used [0x00000000ebe80000,0x00000000ebe80000,0x00000000ec100000)
 ParOldGen       total 68608K, used 32148K [0x00000000c0000000, 0x00000000c4300000, 0x00000000eab00000)
  object space 68608K, 46% used [0x00000000c0000000,0x00000000c1f65298,0x00000000c4300000)
 Metaspace       used 45807K, committed 47040K, reserved 1114112K
  class space    used 4842K, committed 5376K, reserved 1048576K
}
Event: 49.767 GC heap after
{Heap after GC invocations=25 (full 2):
 PSYoungGen      total 22016K, used 1898K [0x00000000eab00000, 0x00000000ec280000, 0x0000000100000000)
  eden space 19968K, 0% used [0x00000000eab00000,0x00000000eab00000,0x00000000ebe80000)
  from space 2048K, 92% used [0x00000000ebe80000,0x00000000ec05a938,0x00000000ec080000)
  to   space 2048K, 0% used [0x00000000ec080000,0x00000000ec080000,0x00000000ec280000)
 ParOldGen       total 68608K, used 34081K [0x00000000c0000000, 0x00000000c4300000, 0x00000000eab00000)
  object space 68608K, 49% used [0x00000000c0000000,0x00000000c2148680,0x00000000c4300000)
 Metaspace       used 45807K, committed 47040K, reserved 1114112K
  class space    used 4842K, committed 5376K, reserved 1048576K
}
Event: 49.870 GC heap before
{Heap before GC invocations=26 (full 2):
 PSYoungGen      total 22016K, used 21866K [0x00000000eab00000, 0x00000000ec280000, 0x0000000100000000)
  eden space 19968K, 100% used [0x00000000eab00000,0x00000000ebe80000,0x00000000ebe80000)
  from space 2048K, 92% used [0x00000000ebe80000,0x00000000ec05a938,0x00000000ec080000)
  to   space 2048K, 0% used [0x00000000ec080000,0x00000000ec080000,0x00000000ec280000)
 ParOldGen       total 68608K, used 34081K [0x00000000c0000000, 0x00000000c4300000, 0x00000000eab00000)
  object space 68608K, 49% used [0x00000000c0000000,0x00000000c2148680,0x00000000c4300000)
 Metaspace       used 46190K, committed 47488K, reserved 1114112K
  class space    used 4875K, committed 5440K, reserved 1048576K
}
Event: 49.880 GC heap after
{Heap after GC invocations=26 (full 2):
 PSYoungGen      total 18944K, used 2040K [0x00000000eab00000, 0x00000000ec880000, 0x0000000100000000)
  eden space 16896K, 0% used [0x00000000eab00000,0x00000000eab00000,0x00000000ebb80000)
  from space 2048K, 99% used [0x00000000ec080000,0x00000000ec27e200,0x00000000ec280000)
  to   space 5120K, 0% used [0x00000000ebb80000,0x00000000ebb80000,0x00000000ec080000)
 ParOldGen       total 68608K, used 36367K [0x00000000c0000000, 0x00000000c4300000, 0x00000000eab00000)
  object space 68608K, 53% used [0x00000000c0000000,0x00000000c2383e40,0x00000000c4300000)
 Metaspace       used 46190K, committed 47488K, reserved 1114112K
  class space    used 4875K, committed 5440K, reserved 1048576K
}
Event: 49.972 GC heap before
{Heap before GC invocations=27 (full 2):
 PSYoungGen      total 18944K, used 18936K [0x00000000eab00000, 0x00000000ec880000, 0x0000000100000000)
  eden space 16896K, 100% used [0x00000000eab00000,0x00000000ebb80000,0x00000000ebb80000)
  from space 2048K, 99% used [0x00000000ec080000,0x00000000ec27e200,0x00000000ec280000)
  to   space 5120K, 0% used [0x00000000ebb80000,0x00000000ebb80000,0x00000000ec080000)
 ParOldGen       total 68608K, used 36367K [0x00000000c0000000, 0x00000000c4300000, 0x00000000eab00000)
  object space 68608K, 53% used [0x00000000c0000000,0x00000000c2383e40,0x00000000c4300000)
 Metaspace       used 46443K, committed 47680K, reserved 1114112K
  class space    used 4899K, committed 5440K, reserved 1048576K
}
Event: 49.979 GC heap after
{Heap after GC invocations=27 (full 2):
 PSYoungGen      total 18944K, used 1749K [0x00000000eab00000, 0x00000000ec180000, 0x0000000100000000)
  eden space 16896K, 0% used [0x00000000eab00000,0x00000000eab00000,0x00000000ebb80000)
  from space 2048K, 85% used [0x00000000ebb80000,0x00000000ebd35610,0x00000000ebd80000)
  to   space 3072K, 0% used [0x00000000ebe80000,0x00000000ebe80000,0x00000000ec180000)
 ParOldGen       total 68608K, used 38365K [0x00000000c0000000, 0x00000000c4300000, 0x00000000eab00000)
  object space 68608K, 55% used [0x00000000c0000000,0x00000000c25775a0,0x00000000c4300000)
 Metaspace       used 46443K, committed 47680K, reserved 1114112K
  class space    used 4899K, committed 5440K, reserved 1048576K
}
Event: 50.067 GC heap before
{Heap before GC invocations=28 (full 2):
 PSYoungGen      total 18944K, used 18645K [0x00000000eab00000, 0x00000000ec180000, 0x0000000100000000)
  eden space 16896K, 100% used [0x00000000eab00000,0x00000000ebb80000,0x00000000ebb80000)
  from space 2048K, 85% used [0x00000000ebb80000,0x00000000ebd35610,0x00000000ebd80000)
  to   space 3072K, 0% used [0x00000000ebe80000,0x00000000ebe80000,0x00000000ec180000)
 ParOldGen       total 68608K, used 38365K [0x00000000c0000000, 0x00000000c4300000, 0x00000000eab00000)
  object space 68608K, 55% used [0x00000000c0000000,0x00000000c25775a0,0x00000000c4300000)
 Metaspace       used 46604K, committed 47808K, reserved 1114112K
  class space    used 4915K, committed 5440K, reserved 1048576K
}
Event: 50.074 GC heap after
{Heap after GC invocations=28 (full 2):
 PSYoungGen      total 19456K, used 2192K [0x00000000eab00000, 0x00000000ec100000, 0x0000000100000000)
  eden space 16896K, 0% used [0x00000000eab00000,0x00000000eab00000,0x00000000ebb80000)
  from space 2560K, 85% used [0x00000000ebe80000,0x00000000ec0a4198,0x00000000ec100000)
  to   space 2560K, 0% used [0x00000000ebc00000,0x00000000ebc00000,0x00000000ebe80000)
 ParOldGen       total 68608K, used 39964K [0x00000000c0000000, 0x00000000c4300000, 0x00000000eab00000)
  object space 68608K, 58% used [0x00000000c0000000,0x00000000c2707360,0x00000000c4300000)
 Metaspace       used 46604K, committed 47808K, reserved 1114112K
  class space    used 4915K, committed 5440K, reserved 1048576K
}
Event: 50.222 GC heap before
{Heap before GC invocations=29 (full 2):
 PSYoungGen      total 19456K, used 19088K [0x00000000eab00000, 0x00000000ec100000, 0x0000000100000000)
  eden space 16896K, 100% used [0x00000000eab00000,0x00000000ebb80000,0x00000000ebb80000)
  from space 2560K, 85% used [0x00000000ebe80000,0x00000000ec0a4198,0x00000000ec100000)
  to   space 2560K, 0% used [0x00000000ebc00000,0x00000000ebc00000,0x00000000ebe80000)
 ParOldGen       total 68608K, used 39964K [0x00000000c0000000, 0x00000000c4300000, 0x00000000eab00000)
  object space 68608K, 58% used [0x00000000c0000000,0x00000000c2707360,0x00000000c4300000)
 Metaspace       used 47218K, committed 48512K, reserved 1114112K
  class space    used 4986K, committed 5568K, reserved 1048576K
}
Event: 50.230 GC heap after
{Heap after GC invocations=29 (full 2):
 PSYoungGen      total 19456K, used 2550K [0x00000000eab00000, 0x00000000ec680000, 0x0000000100000000)
  eden space 16896K, 0% used [0x00000000eab00000,0x00000000eab00000,0x00000000ebb80000)
  from space 2560K, 99% used [0x00000000ebc00000,0x00000000ebe7d880,0x00000000ebe80000)
  to   space 5632K, 0% used [0x00000000ec100000,0x00000000ec100000,0x00000000ec680000)
 ParOldGen       total 68608K, used 42214K [0x00000000c0000000, 0x00000000c4300000, 0x00000000eab00000)
  object space 68608K, 61% used [0x00000000c0000000,0x00000000c2939900,0x00000000c4300000)
 Metaspace       used 47218K, committed 48512K, reserved 1114112K
  class space    used 4986K, committed 5568K, reserved 1048576K
}
Event: 50.586 GC heap before
{Heap before GC invocations=30 (full 2):
 PSYoungGen      total 19456K, used 19446K [0x00000000eab00000, 0x00000000ec680000, 0x0000000100000000)
  eden space 16896K, 100% used [0x00000000eab00000,0x00000000ebb80000,0x00000000ebb80000)
  from space 2560K, 99% used [0x00000000ebc00000,0x00000000ebe7d880,0x00000000ebe80000)
  to   space 5632K, 0% used [0x00000000ec100000,0x00000000ec100000,0x00000000ec680000)
 ParOldGen       total 68608K, used 42214K [0x00000000c0000000, 0x00000000c4300000, 0x00000000eab00000)
  object space 68608K, 61% used [0x00000000c0000000,0x00000000c2939900,0x00000000c4300000)
 Metaspace       used 47929K, committed 49152K, reserved 1114112K
  class space    used 5058K, committed 5568K, reserved 1048576K
}
Event: 50.593 GC heap after
{Heap after GC invocations=30 (full 2):
 PSYoungGen      total 19968K, used 2724K [0x00000000eab00000, 0x00000000ec400000, 0x0000000100000000)
  eden space 16896K, 0% used [0x00000000eab00000,0x00000000eab00000,0x00000000ebb80000)
  from space 3072K, 88% used [0x00000000ec100000,0x00000000ec3a9168,0x00000000ec400000)
  to   space 3584K, 0% used [0x00000000ebd00000,0x00000000ebd00000,0x00000000ec080000)
 ParOldGen       total 68608K, used 44620K [0x00000000c0000000, 0x00000000c4300000, 0x00000000eab00000)
  object space 68608K, 65% used [0x00000000c0000000,0x00000000c2b930c0,0x00000000c4300000)
 Metaspace       used 47929K, committed 49152K, reserved 1114112K
  class space    used 5058K, committed 5568K, reserved 1048576K
}
Event: 50.994 GC heap before
{Heap before GC invocations=31 (full 2):
 PSYoungGen      total 19968K, used 19620K [0x00000000eab00000, 0x00000000ec400000, 0x0000000100000000)
  eden space 16896K, 100% used [0x00000000eab00000,0x00000000ebb80000,0x00000000ebb80000)
  from space 3072K, 88% used [0x00000000ec100000,0x00000000ec3a9168,0x00000000ec400000)
  to   space 3584K, 0% used [0x00000000ebd00000,0x00000000ebd00000,0x00000000ec080000)
 ParOldGen       total 68608K, used 44620K [0x00000000c0000000, 0x00000000c4300000, 0x00000000eab00000)
  object space 68608K, 65% used [0x00000000c0000000,0x00000000c2b930c0,0x00000000c4300000)
 Metaspace       used 48307K, committed 49600K, reserved 1114112K
  class space    used 5104K, committed 5696K, reserved 1048576K
}
Event: 51.002 GC heap after
{Heap after GC invocations=31 (full 2):
 PSYoungGen      total 20480K, used 3254K [0x00000000eab00000, 0x00000000ec280000, 0x0000000100000000)
  eden space 16896K, 0% used [0x00000000eab00000,0x00000000eab00000,0x00000000ebb80000)
  from space 3584K, 90% used [0x00000000ebd00000,0x00000000ec02d848,0x00000000ec080000)
  to   space 2048K, 0% used [0x00000000ec080000,0x00000000ec080000,0x00000000ec280000)
 ParOldGen       total 68608K, used 47166K [0x00000000c0000000, 0x00000000c4300000, 0x00000000eab00000)
  object space 68608K, 68% used [0x00000000c0000000,0x00000000c2e0f8b0,0x00000000c4300000)
 Metaspace       used 48307K, committed 49600K, reserved 1114112K
  class space    used 5104K, committed 5696K, reserved 1048576K
}
Event: 51.526 GC heap before
{Heap before GC invocations=32 (full 2):
 PSYoungGen      total 20480K, used 20150K [0x00000000eab00000, 0x00000000ec280000, 0x0000000100000000)
  eden space 16896K, 100% used [0x00000000eab00000,0x00000000ebb80000,0x00000000ebb80000)
  from space 3584K, 90% used [0x00000000ebd00000,0x00000000ec02d848,0x00000000ec080000)
  to   space 2048K, 0% used [0x00000000ec080000,0x00000000ec080000,0x00000000ec280000)
 ParOldGen       total 68608K, used 47166K [0x00000000c0000000, 0x00000000c4300000, 0x00000000eab00000)
  object space 68608K, 68% used [0x00000000c0000000,0x00000000c2e0f8b0,0x00000000c4300000)
 Metaspace       used 48308K, committed 49600K, reserved 1114112K
  class space    used 5104K, committed 5696K, reserved 1048576K
}
Event: 51.533 GC heap after
{Heap after GC invocations=32 (full 2):
 PSYoungGen      total 18944K, used 2025K [0x00000000eab00000, 0x00000000ec280000, 0x0000000100000000)
  eden space 16896K, 0% used [0x00000000eab00000,0x00000000eab00000,0x00000000ebb80000)
  from space 2048K, 98% used [0x00000000ec080000,0x00000000ec27a6f8,0x00000000ec280000)
  to   space 3584K, 0% used [0x00000000ebd00000,0x00000000ebd00000,0x00000000ec080000)
 ParOldGen       total 68608K, used 51843K [0x00000000c0000000, 0x00000000c4300000, 0x00000000eab00000)
  object space 68608K, 75% used [0x00000000c0000000,0x00000000c32a0f78,0x00000000c4300000)
 Metaspace       used 48308K, committed 49600K, reserved 1114112K
  class space    used 5104K, committed 5696K, reserved 1048576K
}

