# JRE version: OpenJDK Runtime Environment Temurin-21.0.6+7 (21.0.6+7) (build 21.0.6+7-LTS)
# Java VM: OpenJDK 64-Bit Server VM Temurin-21.0.6+7 (21.0.6+7-LTS, mixed mode, emulated-client, sharing, tiered, compressed oops, compressed class ptrs, g1 gc, windows-amd64)
GC Precious Log:
 CardTable entry size: 512
 Card Set container configuration: InlinePtr #cards 5 size 8 Array Of Cards #cards 12 size 40 Howl #buckets 4 coarsen threshold 1843 Howl Bitmap #cards 512 size 80 coarsen threshold 460 Card regions per heap region 1 cards per card region 2048
 CPUs: 8 total, 8 available
 Memory: 3899M
 Large Page Support: Disabled
 NUMA Support: Disabled
 Compressed Oops: Enabled (32-bit)
 Heap Region Size: 1M
 Heap Min Capacity: 8M
 Heap Initial Capacity: 62M
 Heap Max Capacity: 976M
 Pre-touch: Disabled
 Parallel Workers: 8
 Concurrent Workers: 2
 Concurrent Refinement Workers: 8
 Periodic GC: Disabled
Heap:
 garbage-first heap   total 109568K, used 44465K [0x00000000c3000000, 0x0000000100000000)
  region size 1024K, 8 young (8192K), 8 survivors (8192K)
 Metaspace       used 72346K, committed 73472K, reserved 1114112K
  class space    used 9896K, committed 10432K, reserved 1048576K
GC Heap History (20 events):
Event: 3209.865 GC heap after
{Heap after GC invocations=362 (full 19):
 garbage-first heap   total 130048K, used 41464K [0x00000000c3000000, 0x0000000100000000)
  region size 1024K, 2 young (2048K), 2 survivors (2048K)
 Metaspace       used 71786K, committed 72960K, reserved 1114112K
  class space    used 9856K, committed 10368K, reserved 1048576K
}
Event: 3215.502 GC heap before
{Heap before GC invocations=362 (full 19):
 garbage-first heap   total 130048K, used 57848K [0x00000000c3000000, 0x0000000100000000)
  region size 1024K, 19 young (19456K), 2 survivors (2048K)
 Metaspace       used 71789K, committed 72960K, reserved 1114112K
  class space    used 9857K, committed 10368K, reserved 1048576K
}
Event: 3216.689 GC heap after
{Heap after GC invocations=363 (full 20):
 garbage-first heap   total 109568K, used 30710K [0x00000000c3000000, 0x0000000100000000)
  region size 1024K, 0 young (0K), 0 survivors (0K)
 Metaspace       used 71783K, committed 72960K, reserved 1114112K
  class space    used 9855K, committed 10368K, reserved 1048576K
}
Event: 3220.240 GC heap before
{Heap before GC invocations=363 (full 20):
 garbage-first heap   total 109568K, used 89078K [0x00000000c3000000, 0x0000000100000000)
  region size 1024K, 58 young (59392K), 0 survivors (0K)
 Metaspace       used 71939K, committed 73024K, reserved 1114112K
  class space    used 9868K, committed 10368K, reserved 1048576K
}
Event: 3220.252 GC heap after
{Heap after GC invocations=364 (full 20):
 garbage-first heap   total 109568K, used 36979K [0x00000000c3000000, 0x0000000100000000)
  region size 1024K, 7 young (7168K), 7 survivors (7168K)
 Metaspace       used 71939K, committed 73024K, reserved 1114112K
  class space    used 9868K, committed 10368K, reserved 1048576K
}
Event: 3231.760 GC heap before
{Heap before GC invocations=365 (full 20):
 garbage-first heap   total 109568K, used 91251K [0x00000000c3000000, 0x0000000100000000)
  region size 1024K, 60 young (61440K), 7 survivors (7168K)
 Metaspace       used 71954K, committed 73088K, reserved 1114112K
  class space    used 9864K, committed 10368K, reserved 1048576K
}
Event: 3231.788 GC heap after
{Heap after GC invocations=366 (full 20):
 garbage-first heap   total 109568K, used 38260K [0x00000000c3000000, 0x0000000100000000)
  region size 1024K, 3 young (3072K), 3 survivors (3072K)
 Metaspace       used 71954K, committed 73088K, reserved 1114112K
  class space    used 9864K, committed 10368K, reserved 1048576K
}
Event: 3247.923 GC heap before
{Heap before GC invocations=366 (full 20):
 garbage-first heap   total 109568K, used 93556K [0x00000000c3000000, 0x0000000100000000)
  region size 1024K, 57 young (58368K), 3 survivors (3072K)
 Metaspace       used 71954K, committed 73088K, reserved 1114112K
  class space    used 9864K, committed 10368K, reserved 1048576K
}
Event: 3247.969 GC heap after
{Heap after GC invocations=367 (full 20):
 garbage-first heap   total 109568K, used 37776K [0x00000000c3000000, 0x0000000100000000)
  region size 1024K, 2 young (2048K), 2 survivors (2048K)
 Metaspace       used 71954K, committed 73088K, reserved 1114112K
  class space    used 9864K, committed 10368K, reserved 1048576K
}
Event: 3259.338 GC heap before
{Heap before GC invocations=367 (full 20):
 garbage-first heap   total 109568K, used 65424K [0x00000000c3000000, 0x0000000100000000)
  region size 1024K, 30 young (30720K), 2 survivors (2048K)
 Metaspace       used 71958K, committed 73088K, reserved 1114112K
  class space    used 9864K, committed 10368K, reserved 1048576K
}
Event: 3261.422 GC heap after
{Heap after GC invocations=368 (full 21):
 garbage-first heap   total 109568K, used 33250K [0x00000000c3000000, 0x0000000100000000)
  region size 1024K, 0 young (0K), 0 survivors (0K)
 Metaspace       used 71955K, committed 73088K, reserved 1114112K
  class space    used 9864K, committed 10368K, reserved 1048576K
}
Event: 3272.040 GC heap before
{Heap before GC invocations=368 (full 21):
 garbage-first heap   total 109568K, used 92642K [0x00000000c3000000, 0x0000000100000000)
  region size 1024K, 59 young (60416K), 0 survivors (0K)
 Metaspace       used 71987K, committed 73088K, reserved 1114112K
  class space    used 9868K, committed 10368K, reserved 1048576K
}
Event: 3272.188 GC heap after
{Heap after GC invocations=369 (full 21):
 garbage-first heap   total 109568K, used 41558K [0x00000000c3000000, 0x0000000100000000)
  region size 1024K, 8 young (8192K), 8 survivors (8192K)
 Metaspace       used 71987K, committed 73088K, reserved 1114112K
  class space    used 9868K, committed 10368K, reserved 1048576K
}
Event: 3287.343 GC heap before
{Heap before GC invocations=370 (full 21):
 garbage-first heap   total 109568K, used 91734K [0x00000000c3000000, 0x0000000100000000)
  region size 1024K, 57 young (58368K), 8 survivors (8192K)
 Metaspace       used 72151K, committed 73216K, reserved 1114112K
  class space    used 9880K, committed 10368K, reserved 1048576K
}
Event: 3287.393 GC heap after
{Heap after GC invocations=371 (full 21):
 garbage-first heap   total 109568K, used 46079K [0x00000000c3000000, 0x0000000100000000)
  region size 1024K, 7 young (7168K), 7 survivors (7168K)
 Metaspace       used 72151K, committed 73216K, reserved 1114112K
  class space    used 9880K, committed 10368K, reserved 1048576K
}
Event: 3288.667 GC heap before
{Heap before GC invocations=371 (full 21):
 garbage-first heap   total 109568K, used 51199K [0x00000000c3000000, 0x0000000100000000)
  region size 1024K, 13 young (13312K), 7 survivors (7168K)
 Metaspace       used 72154K, committed 73280K, reserved 1114112K
  class space    used 9880K, committed 10368K, reserved 1048576K
}
Event: 3292.256 GC heap after
{Heap after GC invocations=372 (full 22):
 garbage-first heap   total 109568K, used 34554K [0x00000000c3000000, 0x0000000100000000)
  region size 1024K, 0 young (0K), 0 survivors (0K)
 Metaspace       used 72149K, committed 73280K, reserved 1114112K
  class space    used 9879K, committed 10368K, reserved 1048576K
}
Event: 3298.106 GC heap before
{Heap before GC invocations=372 (full 22):
 garbage-first heap   total 109568K, used 89850K [0x00000000c3000000, 0x0000000100000000)
  region size 1024K, 55 young (56320K), 0 survivors (0K)
 Metaspace       used 72182K, committed 73280K, reserved 1114112K
  class space    used 9885K, committed 10368K, reserved 1048576K
}
Event: 3298.122 GC heap after
{Heap after GC invocations=373 (full 22):
 garbage-first heap   total 109568K, used 38802K [0x00000000c3000000, 0x0000000100000000)
  region size 1024K, 5 young (5120K), 5 survivors (5120K)
 Metaspace       used 72182K, committed 73280K, reserved 1114112K
  class space    used 9885K, committed 10368K, reserved 1048576K
}
Event: 3312.422 GC heap before
{Heap before GC invocations=374 (full 22):
 garbage-first heap   total 109568K, used 91026K [0x00000000c3000000, 0x0000000100000000)
  region size 1024K, 57 young (58368K), 5 survivors (5120K)
 Metaspace       used 72346K, committed 73472K, reserved 1114112K
  class space    used 9896K, committed 10432K, reserved 1048576K
}

